<?xml version="1.0" encoding="UTF-8"?>
<!-- Generated by org.testng.reporters.JUnitXMLReporter -->
<testsuite ignored="0" hostname="DESKTOP-QGOTCE9" failures="0" tests="4" name="Test" time="0.229" errors="0" timestamp="2022-12-29T19:13:31 IST">
  <testcase classname="scripts.tc2" name="demo" time="0.024"/>
  <testcase classname="scripts.tc1" name="Demo" time="0.005"/>
  <testcase classname="scripts.tc4" name="demo" time="0.004"/>
  <testcase classname="scripts.tc3" name="demo" time="0.005"/>
</testsuite> <!-- Test -->
